c:\users\bruwu\onedrive\documentos\github\juanhdengine\juanhdengine\intermediate\juanhdengine\x64\debug\juanhdengine.obj
c:\users\bruwu\onedrive\documentos\github\juanhdengine\juanhdengine\intermediate\juanhdengine\x64\debug\window.obj
c:\users\bruwu\onedrive\documentos\github\juanhdengine\juanhdengine\intermediate\juanhdengine\x64\debug\baseapp.obj
c:\users\bruwu\onedrive\documentos\github\juanhdengine\juanhdengine\intermediate\juanhdengine\x64\debug\vc143.pdb
c:\users\bruwu\onedrive\documentos\github\juanhdengine\juanhdengine\bin\x64\_d.exe
c:\users\bruwu\onedrive\documentos\github\juanhdengine\juanhdengine\bin\x64\_d.pdb
c:\users\bruwu\onedrive\documentos\github\juanhdengine\juanhdengine\intermediate\juanhdengine\x64\debug\juanhdengine.res
c:\users\bruwu\onedrive\documentos\github\juanhdengine\juanhdengine\intermediate\juanhdengine\x64\debug\_d.ilk
c:\users\bruwu\onedrive\documentos\github\juanhdengine\juanhdengine\intermediate\juanhdengine\x64\debug\vc143.idb
c:\users\bruwu\onedrive\documentos\github\juanhdengine\juanhdengine\bin/x64/_d.pdb
c:\users\bruwu\onedrive\documentos\github\juanhdengine\juanhdengine\intermediate/juanhdengine/x64/debug/juanhdengine_2010.vcxproj.filelistabsolute.txt
c:\users\bruwu\onedrive\documentos\github\juanhdengine\juanhdengine\intermediate\juanhdengine\x64\debug\juanhdengine.tlog\cl.10404.write.1.tlog
c:\users\bruwu\onedrive\documentos\github\juanhdengine\juanhdengine\intermediate\juanhdengine\x64\debug\juanhdengine.tlog\cl.command.1.tlog
c:\users\bruwu\onedrive\documentos\github\juanhdengine\juanhdengine\intermediate\juanhdengine\x64\debug\juanhdengine.tlog\cl.items.tlog
c:\users\bruwu\onedrive\documentos\github\juanhdengine\juanhdengine\intermediate\juanhdengine\x64\debug\juanhdengine.tlog\cl.read.1.tlog
c:\users\bruwu\onedrive\documentos\github\juanhdengine\juanhdengine\intermediate\juanhdengine\x64\debug\juanhdengine.tlog\fxc.command.1.tlog
c:\users\bruwu\onedrive\documentos\github\juanhdengine\juanhdengine\intermediate\juanhdengine\x64\debug\juanhdengine.tlog\fxc.read.1.tlog
c:\users\bruwu\onedrive\documentos\github\juanhdengine\juanhdengine\intermediate\juanhdengine\x64\debug\juanhdengine.tlog\link.command.1.tlog
c:\users\bruwu\onedrive\documentos\github\juanhdengine\juanhdengine\intermediate\juanhdengine\x64\debug\juanhdengine.tlog\link.read.1.tlog
c:\users\bruwu\onedrive\documentos\github\juanhdengine\juanhdengine\intermediate\juanhdengine\x64\debug\juanhdengine.tlog\link.secondary.1.tlog
c:\users\bruwu\onedrive\documentos\github\juanhdengine\juanhdengine\intermediate\juanhdengine\x64\debug\juanhdengine.tlog\link.write.1.tlog
c:\users\bruwu\onedrive\documentos\github\juanhdengine\juanhdengine\intermediate\juanhdengine\x64\debug\juanhdengine.tlog\rc.command.1.tlog
c:\users\bruwu\onedrive\documentos\github\juanhdengine\juanhdengine\intermediate\juanhdengine\x64\debug\juanhdengine.tlog\rc.read.1.tlog
c:\users\bruwu\onedrive\documentos\github\juanhdengine\juanhdengine\intermediate\juanhdengine\x64\debug\juanhdengine.tlog\rc.write.1.tlog
